Using pre-set license
Built from '2020.3/staging' branch; Version is '2020.3.39f1 (fd6670bb8be9) revision 16606832'; Using compiler version '192528614'; Build Type 'Release'
OS: 'Windows 10  (10.0.19043) 64bit Professional' Language: 'en' Physical Memory: 8097 MB
BatchMode: 1, IsHumanControllingUs: 0, StartBugReporterOnCrash: 0, Is64bit: 1, IsPro: 0

COMMAND LINE ARGUMENTS:
C:\Program Files\Unity\Hub\Editor\2020.3.39f1\Editor\Unity.exe
-adb2
-batchMode
-noUpm
-name
AssetImportWorker0
-projectPath
D:/RPStudio/FORMULARACINGCAR-
-logFile
Logs/AssetImportWorker0.log
-srvPort
65510
Successfully changed project path to: D:/RPStudio/FORMULARACINGCAR-
D:/RPStudio/FORMULARACINGCAR-
Using Asset Import Pipeline V2.
Refreshing native plugins compatible for Editor in 416.18 ms, found 2 plugins.
Preloading 0 native plugins for Editor in 0.00 ms.
Initialize engine version: 2020.3.39f1 (fd6670bb8be9)
[Subsystems] Discovering subsystems at path C:/Program Files/Unity/Hub/Editor/2020.3.39f1/Editor/Data/Resources/UnitySubsystems
[Subsystems] Discovering subsystems at path D:/RPStudio/FORMULARACINGCAR-/Assets
GfxDevice: creating device client; threaded=0
Direct3D:
    Version:  Direct3D 11.0 [level 11.1]
    Renderer: Intel(R) HD Graphics Family (ID=0xa16)
    Vendor:   
    VRAM:     2048 MB
Initialize mono
Mono path[0] = 'C:/Program Files/Unity/Hub/Editor/2020.3.39f1/Editor/Data/Managed'
Mono path[1] = 'C:/Program Files/Unity/Hub/Editor/2020.3.39f1/Editor/Data/MonoBleedingEdge/lib/mono/unityjit'
Mono config path = 'C:/Program Files/Unity/Hub/Editor/2020.3.39f1/Editor/Data/MonoBleedingEdge/etc'
Using monoOptions --debugger-agent=transport=dt_socket,embedding=1,server=y,suspend=n,address=127.0.0.1:56284
Begin MonoManager ReloadAssembly
Registering precompiled unity dll's ...
Register platform support module: C:/Program Files/Unity/Hub/Editor/2020.3.39f1/Editor/Data/PlaybackEngines/WindowsStandaloneSupport/UnityEditor.WindowsStandalone.Extensions.dll
Registered in 0.005777 seconds.
Native extension for WindowsStandalone target not found
Refreshing native plugins compatible for Editor in 117.56 ms, found 2 plugins.
Preloading 0 native plugins for Editor in 0.00 ms.
Mono: successfully reloaded assembly
- Completed reload, in  2.549 seconds
Domain Reload Profiling:
	ReloadAssembly (2550ms)
		BeginReloadAssembly (263ms)
			ExecutionOrderSort (0ms)
			DisableScriptedObjects (0ms)
			BackupInstance (0ms)
			ReleaseScriptingObjects (0ms)
			CreateAndSetChildDomain (2ms)
		EndReloadAssembly (1523ms)
			LoadAssemblies (256ms)
			RebuildTransferFunctionScriptingTraits (0ms)
			SetupTypeCache (858ms)
			ReleaseScriptCaches (0ms)
			RebuildScriptCaches (48ms)
			SetupLoadedEditorAssemblies (368ms)
				LogAssemblyErrors (0ms)
				InitializePlatformSupportModulesInManaged (7ms)
				SetLoadedEditorAssemblies (0ms)
				RefreshPlugins (118ms)
				BeforeProcessingInitializeOnLoad (23ms)
				ProcessInitializeOnLoadAttributes (160ms)
				ProcessInitializeOnLoadMethodAttributes (59ms)
				AfterProcessingInitializeOnLoad (0ms)
				EditorAssembliesLoaded (0ms)
			ExecutionOrderSort2 (0ms)
			AwakeInstancesAfterBackupRestoration (0ms)
Platform modules already initialized, skipping
Registering precompiled user dll's ...
Registered in 0.008978 seconds.
Begin MonoManager ReloadAssembly
Native extension for WindowsStandalone target not found
Refreshing native plugins compatible for Editor in 1.00 ms, found 2 plugins.
Preloading 0 native plugins for Editor in 0.00 ms.
Mono: successfully reloaded assembly
- Completed reload, in  2.582 seconds
Domain Reload Profiling:
	ReloadAssembly (2597ms)
		BeginReloadAssembly (326ms)
			ExecutionOrderSort (0ms)
			DisableScriptedObjects (8ms)
			BackupInstance (0ms)
			ReleaseScriptingObjects (0ms)
			CreateAndSetChildDomain (39ms)
		EndReloadAssembly (2135ms)
			LoadAssemblies (216ms)
			RebuildTransferFunctionScriptingTraits (0ms)
			SetupTypeCache (713ms)
			ReleaseScriptCaches (1ms)
			RebuildScriptCaches (137ms)
			SetupLoadedEditorAssemblies (853ms)
				LogAssemblyErrors (0ms)
				InitializePlatformSupportModulesInManaged (10ms)
				SetLoadedEditorAssemblies (1ms)
				RefreshPlugins (1ms)
				BeforeProcessingInitializeOnLoad (164ms)
				ProcessInitializeOnLoadAttributes (600ms)
				ProcessInitializeOnLoadMethodAttributes (51ms)
				AfterProcessingInitializeOnLoad (26ms)
				EditorAssembliesLoaded (1ms)
			ExecutionOrderSort2 (0ms)
			AwakeInstancesAfterBackupRestoration (6ms)
Platform modules already initialized, skipping
========================================================================
Worker process is ready to serve import requests
Launched and connected shader compiler UnityShaderCompiler.exe after 0.23 seconds
Refreshing native plugins compatible for Editor in 1.28 ms, found 2 plugins.
Preloading 0 native plugins for Editor in 0.00 ms.
Unloading 2264 Unused Serialized files (Serialized files now loaded: 0)
System memory in use before: 103.2 MB.
System memory in use after: 101.7 MB.

Unloading 39 unused Assets to reduce memory usage. Loaded Objects now: 2716.
Total: 7.023400 ms (FindLiveObjects: 0.259600 ms CreateObjectMapping: 0.176200 ms MarkObjects: 5.263800 ms  DeleteObjects: 1.321900 ms)

AssetImportParameters requested are different than current active one (requested -> active):
  custom:framework-win-MediaFoundation: 216162199b28c13a410421893ffa2e32 -> 
  custom:video-decoder-ogg-theora: a1e56fd34408186e4bbccfd4996cb3dc -> 
  custom:container-muxer-webm: aa71ff27fc2769a1b78a27578f13a17b -> 
  custom:container-demuxer-webm: 4f35f7cbe854078d1ac9338744f61a02 -> 
  custom:container-demuxer-ogg: 62fdf1f143b41e24485cea50d1cbac27 -> 
  custom:video-encoder-webm-vp8: eb34c28f22e8b96e1ab97ce403110664 -> 
  custom:video-decoder-webm-vp8: 9c59270c3fd7afecdb556c50c9e8de78 -> 
  custom:audio-decoder-ogg-vorbis: bf7c407c2cedff20999df2af8eb42d56 -> 
  custom:audio-encoder-webm-vorbis: bf7c407c2cedff20999df2af8eb42d56 -> 
========================================================================
Received Import Request.
  path: Assets/MainMenu.unity
  artifactKey: Guid(e55ceece368680e4e9ed5e384dac2ea4) Importer(815301076,1909f56bfc062723c751e8b465ee728b)
Start importing Assets/MainMenu.unity using Guid(e55ceece368680e4e9ed5e384dac2ea4) Importer(815301076,1909f56bfc062723c751e8b465ee728b)  -> (artifact id: '9c2df650dfbd521eb12f49429f961e57') in 0.019107 seconds 
========================================================================
Received Prepare
Registering precompiled user dll's ...
Registered in 0.007356 seconds.
Begin MonoManager ReloadAssembly
Native extension for WindowsStandalone target not found
Refreshing native plugins compatible for Editor in 1.06 ms, found 2 plugins.
Preloading 0 native plugins for Editor in 0.00 ms.
Mono: successfully reloaded assembly
- Completed reload, in  2.193 seconds
Domain Reload Profiling:
	ReloadAssembly (2194ms)
		BeginReloadAssembly (217ms)
			ExecutionOrderSort (0ms)
			DisableScriptedObjects (11ms)
			BackupInstance (0ms)
			ReleaseScriptingObjects (0ms)
			CreateAndSetChildDomain (63ms)
		EndReloadAssembly (1848ms)
			LoadAssemblies (182ms)
			RebuildTransferFunctionScriptingTraits (0ms)
			SetupTypeCache (693ms)
			ReleaseScriptCaches (5ms)
			RebuildScriptCaches (142ms)
			SetupLoadedEditorAssemblies (626ms)
				LogAssemblyErrors (0ms)
				InitializePlatformSupportModulesInManaged (7ms)
				SetLoadedEditorAssemblies (1ms)
				RefreshPlugins (1ms)
				BeforeProcessingInitializeOnLoad (166ms)
				ProcessInitializeOnLoadAttributes (405ms)
				ProcessInitializeOnLoadMethodAttributes (30ms)
				AfterProcessingInitializeOnLoad (14ms)
				EditorAssembliesLoaded (0ms)
			ExecutionOrderSort2 (0ms)
			AwakeInstancesAfterBackupRestoration (3ms)
Platform modules already initialized, skipping
Switching build target platform(19) subTarget(0) extendedPlatform(0) -> platform(13) subTarget(537395200) extendedPlatform(0)
Refreshing native plugins compatible for Editor in 3.68 ms, found 2 plugins.
Preloading 0 native plugins for Editor in 0.00 ms.
Unloading 2240 Unused Serialized files (Serialized files now loaded: 0)
System memory in use before: 100.0 MB.
System memory in use after: 98.5 MB.

Unloading 34 unused Assets to reduce memory usage. Loaded Objects now: 2719.
Total: 5.016300 ms (FindLiveObjects: 0.269900 ms CreateObjectMapping: 0.195300 ms MarkObjects: 3.784100 ms  DeleteObjects: 0.765700 ms)

AssetImportParameters requested are different than current active one (requested -> active):
  custom:framework-win-MediaFoundation: 216162199b28c13a410421893ffa2e32 -> 
  custom:video-decoder-ogg-theora: a1e56fd34408186e4bbccfd4996cb3dc -> 
  custom:container-muxer-webm: aa71ff27fc2769a1b78a27578f13a17b -> 
  custom:container-demuxer-webm: 4f35f7cbe854078d1ac9338744f61a02 -> 
  custom:container-demuxer-ogg: 62fdf1f143b41e24485cea50d1cbac27 -> 
  custom:video-encoder-webm-vp8: eb34c28f22e8b96e1ab97ce403110664 -> 
  custom:video-decoder-webm-vp8: 9c59270c3fd7afecdb556c50c9e8de78 -> 
  custom:graphics/normal-map-encoding: 01000000000000000000000000000000 -> 02000000000000000000000000000000
  custom:audio-decoder-ogg-vorbis: bf7c407c2cedff20999df2af8eb42d56 -> 
  custom:audio-encoder-webm-vorbis: bf7c407c2cedff20999df2af8eb42d56 -> 
========================================================================
Received Import Request.
  Time since last request: 174.847529 seconds.
  path: Assets/italy track.unity
  artifactKey: Guid(4e25c812c74e2214b9348243f5ce3212) Importer(815301076,1909f56bfc062723c751e8b465ee728b)
Start importing Assets/italy track.unity using Guid(4e25c812c74e2214b9348243f5ce3212) Importer(815301076,1909f56bfc062723c751e8b465ee728b)  -> (artifact id: 'afd3306d545c24fff4f3b6e73924fea6') in 0.024146 seconds 
========================================================================
Received Prepare
Registering precompiled user dll's ...
Registered in 0.007113 seconds.
Begin MonoManager ReloadAssembly
Native extension for WindowsStandalone target not found
Refreshing native plugins compatible for Editor in 1.09 ms, found 2 plugins.
Preloading 0 native plugins for Editor in 0.00 ms.
Mono: successfully reloaded assembly
- Completed reload, in  2.188 seconds
Domain Reload Profiling:
	ReloadAssembly (2190ms)
		BeginReloadAssembly (201ms)
			ExecutionOrderSort (0ms)
			DisableScriptedObjects (10ms)
			BackupInstance (0ms)
			ReleaseScriptingObjects (0ms)
			CreateAndSetChildDomain (71ms)
		EndReloadAssembly (1889ms)
			LoadAssemblies (149ms)
			RebuildTransferFunctionScriptingTraits (0ms)
			SetupTypeCache (479ms)
			ReleaseScriptCaches (2ms)
			RebuildScriptCaches (518ms)
			SetupLoadedEditorAssemblies (547ms)
				LogAssemblyErrors (0ms)
				InitializePlatformSupportModulesInManaged (7ms)
				SetLoadedEditorAssemblies (1ms)
				RefreshPlugins (1ms)
				BeforeProcessingInitializeOnLoad (138ms)
				ProcessInitializeOnLoadAttributes (360ms)
				ProcessInitializeOnLoadMethodAttributes (26ms)
				AfterProcessingInitializeOnLoad (13ms)
				EditorAssembliesLoaded (1ms)
			ExecutionOrderSort2 (0ms)
			AwakeInstancesAfterBackupRestoration (5ms)
Platform modules already initialized, skipping
Switching build target platform(19) subTarget(0) extendedPlatform(0) -> platform(13) subTarget(537395200) extendedPlatform(0)
Refreshing native plugins compatible for Editor in 0.99 ms, found 2 plugins.
Preloading 0 native plugins for Editor in 0.00 ms.
Unloading 2241 Unused Serialized files (Serialized files now loaded: 0)
System memory in use before: 100.0 MB.
System memory in use after: 98.6 MB.

Unloading 34 unused Assets to reduce memory usage. Loaded Objects now: 2723.
Total: 4.709200 ms (FindLiveObjects: 0.253200 ms CreateObjectMapping: 0.145400 ms MarkObjects: 3.548100 ms  DeleteObjects: 0.761300 ms)

AssetImportParameters requested are different than current active one (requested -> active):
  custom:framework-win-MediaFoundation: 216162199b28c13a410421893ffa2e32 -> 
  custom:video-decoder-ogg-theora: a1e56fd34408186e4bbccfd4996cb3dc -> 
  custom:container-muxer-webm: aa71ff27fc2769a1b78a27578f13a17b -> 
  custom:container-demuxer-webm: 4f35f7cbe854078d1ac9338744f61a02 -> 
  custom:container-demuxer-ogg: 62fdf1f143b41e24485cea50d1cbac27 -> 
  custom:video-encoder-webm-vp8: eb34c28f22e8b96e1ab97ce403110664 -> 
  custom:video-decoder-webm-vp8: 9c59270c3fd7afecdb556c50c9e8de78 -> 
  custom:graphics/normal-map-encoding: 01000000000000000000000000000000 -> 02000000000000000000000000000000
  custom:audio-decoder-ogg-vorbis: bf7c407c2cedff20999df2af8eb42d56 -> 
  custom:audio-encoder-webm-vorbis: bf7c407c2cedff20999df2af8eb42d56 -> 
========================================================================
Received Import Request.
  Time since last request: 3926.706127 seconds.
  path: Assets/china track.unity
  artifactKey: Guid(54d15d4589a511a4baa2872ce4d1cf08) Importer(815301076,1909f56bfc062723c751e8b465ee728b)
Start importing Assets/china track.unity using Guid(54d15d4589a511a4baa2872ce4d1cf08) Importer(815301076,1909f56bfc062723c751e8b465ee728b)  -> (artifact id: '86f7fd26e4abbab7900d0122e934451e') in 0.025845 seconds 
========================================================================
Received Prepare
Registering precompiled user dll's ...
Registered in 0.007758 seconds.
Begin MonoManager ReloadAssembly
Native extension for WindowsStandalone target not found
Refreshing native plugins compatible for Editor in 1.08 ms, found 2 plugins.
Preloading 0 native plugins for Editor in 0.00 ms.
Mono: successfully reloaded assembly
- Completed reload, in  2.144 seconds
Domain Reload Profiling:
	ReloadAssembly (2144ms)
		BeginReloadAssembly (224ms)
			ExecutionOrderSort (0ms)
			DisableScriptedObjects (7ms)
			BackupInstance (0ms)
			ReleaseScriptingObjects (0ms)
			CreateAndSetChildDomain (68ms)
		EndReloadAssembly (1797ms)
			LoadAssemblies (213ms)
			RebuildTransferFunctionScriptingTraits (0ms)
			SetupTypeCache (679ms)
			ReleaseScriptCaches (3ms)
			RebuildScriptCaches (132ms)
			SetupLoadedEditorAssemblies (570ms)
				LogAssemblyErrors (0ms)
				InitializePlatformSupportModulesInManaged (7ms)
				SetLoadedEditorAssemblies (1ms)
				RefreshPlugins (1ms)
				BeforeProcessingInitializeOnLoad (157ms)
				ProcessInitializeOnLoadAttributes (365ms)
				ProcessInitializeOnLoadMethodAttributes (28ms)
				AfterProcessingInitializeOnLoad (10ms)
				EditorAssembliesLoaded (0ms)
			ExecutionOrderSort2 (0ms)
			AwakeInstancesAfterBackupRestoration (3ms)
Platform modules already initialized, skipping
Switching build target platform(19) subTarget(0) extendedPlatform(0) -> platform(13) subTarget(537395200) extendedPlatform(0)
Refreshing native plugins compatible for Editor in 1.14 ms, found 2 plugins.
Preloading 0 native plugins for Editor in 0.00 ms.
Unloading 2241 Unused Serialized files (Serialized files now loaded: 0)
System memory in use before: 100.0 MB.
System memory in use after: 98.6 MB.

Unloading 34 unused Assets to reduce memory usage. Loaded Objects now: 2726.
Total: 6.983000 ms (FindLiveObjects: 0.471800 ms CreateObjectMapping: 0.327400 ms MarkObjects: 5.424900 ms  DeleteObjects: 0.757200 ms)

AssetImportParameters requested are different than current active one (requested -> active):
  custom:framework-win-MediaFoundation: 216162199b28c13a410421893ffa2e32 -> 
  custom:video-decoder-ogg-theora: a1e56fd34408186e4bbccfd4996cb3dc -> 
  custom:container-muxer-webm: aa71ff27fc2769a1b78a27578f13a17b -> 
  custom:container-demuxer-webm: 4f35f7cbe854078d1ac9338744f61a02 -> 
  custom:container-demuxer-ogg: 62fdf1f143b41e24485cea50d1cbac27 -> 
  custom:video-encoder-webm-vp8: eb34c28f22e8b96e1ab97ce403110664 -> 
  custom:video-decoder-webm-vp8: 9c59270c3fd7afecdb556c50c9e8de78 -> 
  custom:graphics/normal-map-encoding: 01000000000000000000000000000000 -> 02000000000000000000000000000000
  custom:audio-decoder-ogg-vorbis: bf7c407c2cedff20999df2af8eb42d56 -> 
  custom:audio-encoder-webm-vorbis: bf7c407c2cedff20999df2af8eb42d56 -> 
========================================================================
Received Import Request.
  Time since last request: 2628.500234 seconds.
  path: Assets/Scenes/gamemanger.prefab
  artifactKey: Guid(436c1e6961263054b88d684cc49b5ba1) Importer(815301076,1909f56bfc062723c751e8b465ee728b)
Start importing Assets/Scenes/gamemanger.prefab using Guid(436c1e6961263054b88d684cc49b5ba1) Importer(815301076,1909f56bfc062723c751e8b465ee728b)  -> (artifact id: '6b17e692529ff9ad6cc40dbbc8125c70') in 0.179790 seconds 
========================================================================
Received Import Request.
  Time since last request: 402.835787 seconds.
  path: Assets/RTG 1.3/MiniMap/Prefabs/Player1.prefab
  artifactKey: Guid(3023b01bf01ad3141844bed361044bbb) Importer(815301076,1909f56bfc062723c751e8b465ee728b)
Start importing Assets/RTG 1.3/MiniMap/Prefabs/Player1.prefab using Guid(3023b01bf01ad3141844bed361044bbb) Importer(815301076,1909f56bfc062723c751e8b465ee728b)  -> (artifact id: 'd606a478dde6db3e994678f19f155c32') in 0.248870 seconds 
========================================================================
Received Import Request.
  Time since last request: 96.094948 seconds.
  path: Assets/Texture2D/SmokeSprite.png
  artifactKey: Guid(6de2780124bd34948b91765294befeed) Importer(815301076,1909f56bfc062723c751e8b465ee728b)
Start importing Assets/Texture2D/SmokeSprite.png using Guid(6de2780124bd34948b91765294befeed) Importer(815301076,1909f56bfc062723c751e8b465ee728b)  -> (artifact id: '5f31327465faf9bac90b2ab2aea3362d') in 0.135542 seconds 
========================================================================
Received Import Request.
  Time since last request: 28.278021 seconds.
  path: Assets/Material/RCCExhaustFlame.mat
  artifactKey: Guid(d7819fd404be38b428727d626bbbb4ec) Importer(815301076,1909f56bfc062723c751e8b465ee728b)
Start importing Assets/Material/RCCExhaustFlame.mat using Guid(d7819fd404be38b428727d626bbbb4ec) Importer(815301076,1909f56bfc062723c751e8b465ee728b)  -> (artifact id: '312c460867d2a3a182b5ac5fd32ce376') in 0.233708 seconds 
========================================================================
Received Prepare
Registering precompiled user dll's ...
Registered in 0.013231 seconds.
Begin MonoManager ReloadAssembly
Native extension for WindowsStandalone target not found
Refreshing native plugins compatible for Editor in 1.97 ms, found 2 plugins.
Preloading 0 native plugins for Editor in 0.00 ms.
Mono: successfully reloaded assembly
- Completed reload, in  2.513 seconds
Domain Reload Profiling:
	ReloadAssembly (2514ms)
		BeginReloadAssembly (284ms)
			ExecutionOrderSort (0ms)
			DisableScriptedObjects (7ms)
			BackupInstance (0ms)
			ReleaseScriptingObjects (0ms)
			CreateAndSetChildDomain (95ms)
		EndReloadAssembly (2061ms)
			LoadAssemblies (252ms)
			RebuildTransferFunctionScriptingTraits (0ms)
			SetupTypeCache (741ms)
			ReleaseScriptCaches (6ms)
			RebuildScriptCaches (152ms)
			SetupLoadedEditorAssemblies (655ms)
				LogAssemblyErrors (0ms)
				InitializePlatformSupportModulesInManaged (9ms)
				SetLoadedEditorAssemblies (1ms)
				RefreshPlugins (2ms)
				BeforeProcessingInitializeOnLoad (188ms)
				ProcessInitializeOnLoadAttributes (408ms)
				ProcessInitializeOnLoadMethodAttributes (30ms)
				AfterProcessingInitializeOnLoad (15ms)
				EditorAssembliesLoaded (1ms)
			ExecutionOrderSort2 (0ms)
			AwakeInstancesAfterBackupRestoration (8ms)
Platform modules already initialized, skipping
Switching build target platform(19) subTarget(0) extendedPlatform(0) -> platform(13) subTarget(537395200) extendedPlatform(0)
Refreshing native plugins compatible for Editor in 1.02 ms, found 2 plugins.
Preloading 0 native plugins for Editor in 0.00 ms.
Unloading 2241 Unused Serialized files (Serialized files now loaded: 0)
System memory in use before: 103.3 MB.
System memory in use after: 101.8 MB.

Unloading 34 unused Assets to reduce memory usage. Loaded Objects now: 2771.
Total: 5.574500 ms (FindLiveObjects: 0.274900 ms CreateObjectMapping: 0.153700 ms MarkObjects: 4.403200 ms  DeleteObjects: 0.741400 ms)

AssetImportParameters requested are different than current active one (requested -> active):
  custom:framework-win-MediaFoundation: 216162199b28c13a410421893ffa2e32 -> 
  custom:video-decoder-ogg-theora: a1e56fd34408186e4bbccfd4996cb3dc -> 
  custom:container-muxer-webm: aa71ff27fc2769a1b78a27578f13a17b -> 
  custom:container-demuxer-webm: 4f35f7cbe854078d1ac9338744f61a02 -> 
  custom:container-demuxer-ogg: 62fdf1f143b41e24485cea50d1cbac27 -> 
  custom:video-encoder-webm-vp8: eb34c28f22e8b96e1ab97ce403110664 -> 
  custom:video-decoder-webm-vp8: 9c59270c3fd7afecdb556c50c9e8de78 -> 
  custom:graphics/normal-map-encoding: 01000000000000000000000000000000 -> 02000000000000000000000000000000
  custom:audio-decoder-ogg-vorbis: bf7c407c2cedff20999df2af8eb42d56 -> 
  custom:audio-encoder-webm-vorbis: bf7c407c2cedff20999df2af8eb42d56 -> 
========================================================================
Received Import Request.
  Time since last request: 593.920110 seconds.
  path: Assets/RTG 1.3/EnemiesCar.prefab
  artifactKey: Guid(df592167390743c4799fb2fef61e8b09) Importer(815301076,1909f56bfc062723c751e8b465ee728b)
Start importing Assets/RTG 1.3/EnemiesCar.prefab using Guid(df592167390743c4799fb2fef61e8b09) Importer(815301076,1909f56bfc062723c751e8b465ee728b)  -> (artifact id: 'c0a7a8b32d8d18dcbe792da593fa4892') in 1.677302 seconds 
========================================================================
Received Import Request.
  Time since last request: 11.950709 seconds.
  path: Assets/RTG 1.3/Scenes/Player.prefab
  artifactKey: Guid(fb4c472e38c05184cb9aac42780101c5) Importer(815301076,1909f56bfc062723c751e8b465ee728b)
Start importing Assets/RTG 1.3/Scenes/Player.prefab using Guid(fb4c472e38c05184cb9aac42780101c5) Importer(815301076,1909f56bfc062723c751e8b465ee728b)  -> (artifact id: '210389a4573616cff2583d42a50051c1') in 0.303023 seconds 
========================================================================
Received Import Request.
  Time since last request: 1824.471805 seconds.
  path: Assets/china.unity
  artifactKey: Guid(7b6df89f0cdf9e24fa8bff31f0e9c3f5) Importer(815301076,1909f56bfc062723c751e8b465ee728b)
Start importing Assets/china.unity using Guid(7b6df89f0cdf9e24fa8bff31f0e9c3f5) Importer(815301076,1909f56bfc062723c751e8b465ee728b)  -> (artifact id: '6e9899faa97690afdecdf49ffe626a84') in 0.021356 seconds 
========================================================================
Received Import Request.
  Time since last request: 5.061316 seconds.
  path: Assets/china track
  artifactKey: Guid(85378b52678eb7d4ab0983f80003807e) Importer(815301076,1909f56bfc062723c751e8b465ee728b)
Start importing Assets/china track using Guid(85378b52678eb7d4ab0983f80003807e) Importer(815301076,1909f56bfc062723c751e8b465ee728b)  -> (artifact id: '55daeea38a9226641dd7495aa6c2b8c1') in 0.026918 seconds 
========================================================================
Received Import Request.
  Time since last request: 7.070887 seconds.
  path: Assets/chinatrack.unity
  artifactKey: Guid(8c59549302816ba43af414a447f4eff7) Importer(815301076,1909f56bfc062723c751e8b465ee728b)
Start importing Assets/chinatrack.unity using Guid(8c59549302816ba43af414a447f4eff7) Importer(815301076,1909f56bfc062723c751e8b465ee728b)  -> (artifact id: '30da4d1f5f0269212da30b350c4281a1') in 0.015005 seconds 
========================================================================
Received Import Request.
  Time since last request: 226.841478 seconds.
  path: Assets/italy track.unity
  artifactKey: Guid(4e25c812c74e2214b9348243f5ce3212) Importer(815301076,1909f56bfc062723c751e8b465ee728b)
Start importing Assets/italy track.unity using Guid(4e25c812c74e2214b9348243f5ce3212) Importer(815301076,1909f56bfc062723c751e8b465ee728b)  -> (artifact id: '6fba65fc54edb893112f1cd39f364546') in 0.009658 seconds 
========================================================================
Received Import Request.
  Time since last request: 1655.898252 seconds.
  path: Assets/RTG 1.3/Scenes/Scene-01.unity
  artifactKey: Guid(9590bf11b8d0b7345bc85ac2190e5793) Importer(815301076,1909f56bfc062723c751e8b465ee728b)
Start importing Assets/RTG 1.3/Scenes/Scene-01.unity using Guid(9590bf11b8d0b7345bc85ac2190e5793) Importer(815301076,1909f56bfc062723c751e8b465ee728b)  -> (artifact id: 'f3516b4582338cc44b7d7f234ca0f3ae') in 0.013971 seconds 
AssetImportWorkerClient::OnTransportError - code=2 error=End of file
